Arguments: 
  C:\Program Files\nodejs\node.exe C:\Users\User\AppData\Roaming\npm\node_modules\yarn\bin\yarn.js add rollup-plugin-serve

PATH: 
  C:\Program Files\Common Files\Oracle\Java\javapath;C:\Program Files (x86)\Common Files\Oracle\Java\javapath;C:\Windows\system32;C:\Windows;C:\Windows\System32\Wbem;C:\Windows\System32\WindowsPowerShell\v1.0\;C:\Windows\System32\OpenSSH\;C:\Program Files\nodejs\;C:\Program Files\dotnet\;C:\Program Files\Microsoft SQL Server\Client SDK\ODBC\170\Tools\Binn\;C:\Program Files\Microsoft SQL Server\150\Tools\Binn\;C:\Program Files\Git\cmd;C:\Users\User\AppData\Local\Microsoft\WindowsApps;;C:\Program Files\JetBrains\WebStorm 2023.1.3\bin;;C:\Users\User\AppData\Roaming\npm;C:\Users\User\.dotnet\tools;D:\Projects\react-captcha-simple\node_modules\.bin

Yarn version: 
  1.22.19

Node version: 
  18.17.0

Platform: 
  win32 x64

Trace: 
  Error: EPERM: operation not permitted, unlink 'D:\Projects\react-captcha-simple\node_modules\canvas\build\Release\librsvg-2-2.dll'

npm manifest: 
  {
    "name": "react-captcha-simple",
    "version": "1.0.0",
    "description": "Easy to use and beautiful Captcha Image Generator for React.js projects.",
    "main": "index.js",
    "type": "module",
    "repository": {
      "type": "git",
      "url": "git+https://github.com/RahilNIT/React-Captcha-Simple.git"
    },
    "scripts": {
      "start": "rollup -c rollup.config.js -w",
      "build": "rollup -c --verbose"
    },
    "keywords": [
      "React.js",
      "TypeScript",
      "Captcha"
    ],
    "author": "Rahil Enayati",
    "license": "ISC",
    "bugs": {
      "url": "https://github.com/RahilNIT/React-Captcha-Simple/issues"
    },
    "homepage": "https://github.com/RahilNIT/React-Captcha-Simple#readme",
    "dependencies": {
      "canvas": "^2.11.2"
    },
    "devDependencies": {
      "rollup": "^4.7.0"
    }
  }

yarn manifest: 
  No manifest

Lockfile: 
  No lockfile
